{
  "stats": {
    "suites": 1,
    "tests": 10,
    "passes": 10,
    "pending": 0,
    "failures": 0,
    "start": "2021-05-27T08:13:36.750Z",
    "end": "2021-05-27T08:13:42.901Z",
    "duration": 6151,
    "testsRegistered": 10,
    "passPercent": 100,
    "pendingPercent": 0,
    "other": 0,
    "hasOther": false,
    "skipped": 0,
    "hasSkipped": false
  },
  "results": [
    {
      "uuid": "7df33399-c231-4018-89ba-2c5ad4722f79",
      "title": "",
      "fullFile": "cypress/integration/backend-cases.spec.js",
      "file": "cypress/integration/backend-cases.spec.js",
      "beforeHooks": [],
      "afterHooks": [],
      "tests": [],
      "suites": [
        {
          "uuid": "48e0e6fd-33df-4467-8e5b-36592c74affa",
          "title": "Test suite",
          "fullFile": "",
          "file": "",
          "beforeHooks": [],
          "afterHooks": [],
          "tests": [
            {
              "title": "New room",
              "fullTitle": "Test suite New room",
              "timedOut": null,
              "duration": 780,
              "state": "passed",
              "speed": "slow",
              "pass": true,
              "fail": false,
              "pending": false,
              "context": null,
              "code": "cy.authenticate().then(response => {\n  room.createRoomRequest();\n  logout.createLogoutRequest();\n});",
              "err": {},
              "uuid": "ecaa34d5-7405-4e8d-b44b-4d2e601f229a",
              "parentUUID": "48e0e6fd-33df-4467-8e5b-36592c74affa",
              "isHook": false,
              "skipped": false
            },
            {
              "title": "New bill",
              "fullTitle": "Test suite New bill",
              "timedOut": null,
              "duration": 587,
              "state": "passed",
              "speed": "slow",
              "pass": true,
              "fail": false,
              "pending": false,
              "context": null,
              "code": "cy.authenticate().then(response => {\n  bill.createBillRequest();\n  logout.createLogoutRequest();\n});",
              "err": {},
              "uuid": "b8ef63c5-cec0-4485-9619-aee7a82cf85e",
              "parentUUID": "48e0e6fd-33df-4467-8e5b-36592c74affa",
              "isHook": false,
              "skipped": false
            },
            {
              "title": "New reservation",
              "fullTitle": "Test suite New reservation",
              "timedOut": null,
              "duration": 574,
              "state": "passed",
              "speed": "slow",
              "pass": true,
              "fail": false,
              "pending": false,
              "context": null,
              "code": "cy.authenticate().then(response => {\n  reservation.createReservationRequest();\n  logout.createLogoutRequest();\n});",
              "err": {},
              "uuid": "d48e5bca-000a-490d-b3cb-2baac99c1ddc",
              "parentUUID": "48e0e6fd-33df-4467-8e5b-36592c74affa",
              "isHook": false,
              "skipped": false
            },
            {
              "title": "Edit room",
              "fullTitle": "Test suite Edit room",
              "timedOut": null,
              "duration": 584,
              "state": "passed",
              "speed": "slow",
              "pass": true,
              "fail": false,
              "pending": false,
              "context": null,
              "code": "cy.authenticate().then(response => {\n  room.editRoomRequest();\n  logout.createLogoutRequest();\n});",
              "err": {},
              "uuid": "9396a053-cb62-49aa-90ec-a6a97e7d9e67",
              "parentUUID": "48e0e6fd-33df-4467-8e5b-36592c74affa",
              "isHook": false,
              "skipped": false
            },
            {
              "title": "Edit client",
              "fullTitle": "Test suite Edit client",
              "timedOut": null,
              "duration": 600,
              "state": "passed",
              "speed": "slow",
              "pass": true,
              "fail": false,
              "pending": false,
              "context": null,
              "code": "cy.authenticate().then(response => {\n  client.editClientRequest();\n  logout.createLogoutRequest();\n});",
              "err": {},
              "uuid": "8490380b-783f-441a-9574-4050d6ac2342",
              "parentUUID": "48e0e6fd-33df-4467-8e5b-36592c74affa",
              "isHook": false,
              "skipped": false
            },
            {
              "title": "Get reservations",
              "fullTitle": "Test suite Get reservations",
              "timedOut": null,
              "duration": 580,
              "state": "passed",
              "speed": "slow",
              "pass": true,
              "fail": false,
              "pending": false,
              "context": null,
              "code": "cy.authenticate().then(response => {\n  reservation.getReservationRequest();\n  logout.createLogoutRequest();\n});",
              "err": {},
              "uuid": "04138781-1ab0-444e-8298-07e280fa5b08",
              "parentUUID": "48e0e6fd-33df-4467-8e5b-36592c74affa",
              "isHook": false,
              "skipped": false
            },
            {
              "title": "Get rooms",
              "fullTitle": "Test suite Get rooms",
              "timedOut": null,
              "duration": 567,
              "state": "passed",
              "speed": "slow",
              "pass": true,
              "fail": false,
              "pending": false,
              "context": null,
              "code": "cy.authenticate().then(response => {\n  room.getRoomRequest();\n  logout.createLogoutRequest();\n});",
              "err": {},
              "uuid": "f5f9747c-a15a-4efb-995a-d9a7d3fc57f7",
              "parentUUID": "48e0e6fd-33df-4467-8e5b-36592c74affa",
              "isHook": false,
              "skipped": false
            },
            {
              "title": "Get clients",
              "fullTitle": "Test suite Get clients",
              "timedOut": null,
              "duration": 583,
              "state": "passed",
              "speed": "slow",
              "pass": true,
              "fail": false,
              "pending": false,
              "context": null,
              "code": "cy.authenticate().then(response => {\n  client.getClientRequest();\n  logout.createLogoutRequest();\n});",
              "err": {},
              "uuid": "ed68d626-1fdb-42ab-961f-9cf67e7f738b",
              "parentUUID": "48e0e6fd-33df-4467-8e5b-36592c74affa",
              "isHook": false,
              "skipped": false
            },
            {
              "title": "Delete room",
              "fullTitle": "Test suite Delete room",
              "timedOut": null,
              "duration": 603,
              "state": "passed",
              "speed": "slow",
              "pass": true,
              "fail": false,
              "pending": false,
              "context": null,
              "code": "cy.authenticate().then(response => {\n  room.createRoomRequest();\n  room.deleteRoomRequest();\n  logout.createLogoutRequest();\n});",
              "err": {},
              "uuid": "a0b8b709-6af1-4b71-96a8-cb81fbc9558d",
              "parentUUID": "48e0e6fd-33df-4467-8e5b-36592c74affa",
              "isHook": false,
              "skipped": false
            },
            {
              "title": "Delete bill",
              "fullTitle": "Test suite Delete bill",
              "timedOut": null,
              "duration": 599,
              "state": "passed",
              "speed": "slow",
              "pass": true,
              "fail": false,
              "pending": false,
              "context": null,
              "code": "cy.authenticate().then(response => {\n  bill.createBillRequest();\n  bill.deleteBillRequest();\n  logout.createLogoutRequest();\n});",
              "err": {},
              "uuid": "45d811eb-cd28-4220-b875-949f9e258ce1",
              "parentUUID": "48e0e6fd-33df-4467-8e5b-36592c74affa",
              "isHook": false,
              "skipped": false
            }
          ],
          "suites": [],
          "passes": [
            "ecaa34d5-7405-4e8d-b44b-4d2e601f229a",
            "b8ef63c5-cec0-4485-9619-aee7a82cf85e",
            "d48e5bca-000a-490d-b3cb-2baac99c1ddc",
            "9396a053-cb62-49aa-90ec-a6a97e7d9e67",
            "8490380b-783f-441a-9574-4050d6ac2342",
            "04138781-1ab0-444e-8298-07e280fa5b08",
            "f5f9747c-a15a-4efb-995a-d9a7d3fc57f7",
            "ed68d626-1fdb-42ab-961f-9cf67e7f738b",
            "a0b8b709-6af1-4b71-96a8-cb81fbc9558d",
            "45d811eb-cd28-4220-b875-949f9e258ce1"
          ],
          "failures": [],
          "pending": [],
          "skipped": [],
          "duration": 6057,
          "root": false,
          "rootEmpty": false,
          "_timeout": 2000
        }
      ],
      "passes": [],
      "failures": [],
      "pending": [],
      "skipped": [],
      "duration": 0,
      "root": true,
      "rootEmpty": true,
      "_timeout": 2000
    }
  ],
  "meta": {
    "mocha": {
      "version": "7.0.1"
    },
    "mochawesome": {
      "options": {
        "quiet": false,
        "reportFilename": "mochawesome",
        "saveHtml": true,
        "saveJson": true,
        "consoleReporter": "spec",
        "useInlineDiffs": false,
        "code": true
      },
      "version": "6.2.2"
    },
    "marge": {
      "options": null,
      "version": "5.2.0"
    }
  }
}